<?xml version="1.0" encoding="UTF-8"?>
<testsuite xmlns:xsi="http://www.w3.org/2001/XMLSchema-instance" xsi:noNamespaceSchemaLocation="https://maven.apache.org/surefire/maven-surefire-plugin/xsd/surefire-test-report.xsd" name="com.example.softengproject.ControllerTest.DemoControllerTest" time="1.777" tests="1" errors="0" skipped="0" failures="1">
  <properties>
    <property name="java.specification.version" value="18"/>
    <property name="sun.jnu.encoding" value="UTF-8"/>
    <property name="java.class.path" value="/home/ryanhjohnston/Undergrad/Spring2023/Software_Engineering/soft-eng-project/target/test-classes:/home/ryanhjohnston/Undergrad/Spring2023/Software_Engineering/soft-eng-project/target/classes:/home/ryanhjohnston/.m2/repository/org/springframework/boot/spring-boot-starter-data-jpa/3.0.2/spring-boot-starter-data-jpa-3.0.2.jar:/home/ryanhjohnston/.m2/repository/org/springframework/boot/spring-boot-starter-aop/3.0.2/spring-boot-starter-aop-3.0.2.jar:/home/ryanhjohnston/.m2/repository/org/springframework/spring-aop/6.0.4/spring-aop-6.0.4.jar:/home/ryanhjohnston/.m2/repository/org/aspectj/aspectjweaver/1.9.19/aspectjweaver-1.9.19.jar:/home/ryanhjohnston/.m2/repository/org/springframework/boot/spring-boot-starter-jdbc/3.0.2/spring-boot-starter-jdbc-3.0.2.jar:/home/ryanhjohnston/.m2/repository/com/zaxxer/HikariCP/5.0.1/HikariCP-5.0.1.jar:/home/ryanhjohnston/.m2/repository/org/springframework/spring-jdbc/6.0.4/spring-jdbc-6.0.4.jar:/home/ryanhjohnston/.m2/repository/org/hibernate/orm/hibernate-core/6.1.6.Final/hibernate-core-6.1.6.Final.jar:/home/ryanhjohnston/.m2/repository/jakarta/persistence/jakarta.persistence-api/3.1.0/jakarta.persistence-api-3.1.0.jar:/home/ryanhjohnston/.m2/repository/jakarta/transaction/jakarta.transaction-api/2.0.1/jakarta.transaction-api-2.0.1.jar:/home/ryanhjohnston/.m2/repository/org/hibernate/common/hibernate-commons-annotations/6.0.2.Final/hibernate-commons-annotations-6.0.2.Final.jar:/home/ryanhjohnston/.m2/repository/org/jboss/jandex/2.4.2.Final/jandex-2.4.2.Final.jar:/home/ryanhjohnston/.m2/repository/net/bytebuddy/byte-buddy/1.12.22/byte-buddy-1.12.22.jar:/home/ryanhjohnston/.m2/repository/org/glassfish/jaxb/jaxb-runtime/4.0.1/jaxb-runtime-4.0.1.jar:/home/ryanhjohnston/.m2/repository/org/glassfish/jaxb/jaxb-core/4.0.1/jaxb-core-4.0.1.jar:/home/ryanhjohnston/.m2/repository/org/eclipse/angus/angus-activation/1.0.0/angus-activation-1.0.0.jar:/home/ryanhjohnston/.m2/repository/org/glassfish/jaxb/txw2/4.0.1/txw2-4.0.1.jar:/home/ryanhjohnston/.m2/repository/com/sun/istack/istack-commons-runtime/4.1.1/istack-commons-runtime-4.1.1.jar:/home/ryanhjohnston/.m2/repository/jakarta/inject/jakarta.inject-api/2.0.0/jakarta.inject-api-2.0.0.jar:/home/ryanhjohnston/.m2/repository/org/antlr/antlr4-runtime/4.10.1/antlr4-runtime-4.10.1.jar:/home/ryanhjohnston/.m2/repository/org/springframework/data/spring-data-jpa/3.0.1/spring-data-jpa-3.0.1.jar:/home/ryanhjohnston/.m2/repository/org/springframework/data/spring-data-commons/3.0.1/spring-data-commons-3.0.1.jar:/home/ryanhjohnston/.m2/repository/org/springframework/spring-orm/6.0.4/spring-orm-6.0.4.jar:/home/ryanhjohnston/.m2/repository/org/springframework/spring-context/6.0.4/spring-context-6.0.4.jar:/home/ryanhjohnston/.m2/repository/org/springframework/spring-tx/6.0.4/spring-tx-6.0.4.jar:/home/ryanhjohnston/.m2/repository/org/springframework/spring-beans/6.0.4/spring-beans-6.0.4.jar:/home/ryanhjohnston/.m2/repository/jakarta/annotation/jakarta.annotation-api/2.1.1/jakarta.annotation-api-2.1.1.jar:/home/ryanhjohnston/.m2/repository/org/slf4j/slf4j-api/2.0.6/slf4j-api-2.0.6.jar:/home/ryanhjohnston/.m2/repository/org/springframework/spring-aspects/6.0.4/spring-aspects-6.0.4.jar:/home/ryanhjohnston/.m2/repository/org/springframework/boot/spring-boot-devtools/3.0.4/spring-boot-devtools-3.0.4.jar:/home/ryanhjohnston/.m2/repository/org/springframework/boot/spring-boot/3.0.2/spring-boot-3.0.2.jar:/home/ryanhjohnston/.m2/repository/org/springframework/boot/spring-boot-autoconfigure/3.0.2/spring-boot-autoconfigure-3.0.2.jar:/home/ryanhjohnston/.m2/repository/org/projectlombok/lombok/1.18.26/lombok-1.18.26.jar:/home/ryanhjohnston/.m2/repository/org/springframework/boot/spring-boot-starter-thymeleaf/3.0.2/spring-boot-starter-thymeleaf-3.0.2.jar:/home/ryanhjohnston/.m2/repository/org/springframework/boot/spring-boot-starter/3.0.2/spring-boot-starter-3.0.2.jar:/home/ryanhjohnston/.m2/repository/org/springframework/boot/spring-boot-starter-logging/3.0.2/spring-boot-starter-logging-3.0.2.jar:/home/ryanhjohnston/.m2/repository/ch/qos/logback/logback-classic/1.4.5/logback-classic-1.4.5.jar:/home/ryanhjohnston/.m2/repository/ch/qos/logback/logback-core/1.4.5/logback-core-1.4.5.jar:/home/ryanhjohnston/.m2/repository/org/apache/logging/log4j/log4j-to-slf4j/2.19.0/log4j-to-slf4j-2.19.0.jar:/home/ryanhjohnston/.m2/repository/org/apache/logging/log4j/log4j-api/2.19.0/log4j-api-2.19.0.jar:/home/ryanhjohnston/.m2/repository/org/slf4j/jul-to-slf4j/2.0.6/jul-to-slf4j-2.0.6.jar:/home/ryanhjohnston/.m2/repository/org/yaml/snakeyaml/1.33/snakeyaml-1.33.jar:/home/ryanhjohnston/.m2/repository/org/thymeleaf/thymeleaf-spring6/3.1.1.RELEASE/thymeleaf-spring6-3.1.1.RELEASE.jar:/home/ryanhjohnston/.m2/repository/org/thymeleaf/thymeleaf/3.1.1.RELEASE/thymeleaf-3.1.1.RELEASE.jar:/home/ryanhjohnston/.m2/repository/org/attoparser/attoparser/2.0.6.RELEASE/attoparser-2.0.6.RELEASE.jar:/home/ryanhjohnston/.m2/repository/org/unbescape/unbescape/1.1.6.RELEASE/unbescape-1.1.6.RELEASE.jar:/home/ryanhjohnston/.m2/repository/org/springframework/boot/spring-boot-starter-web/3.0.2/spring-boot-starter-web-3.0.2.jar:/home/ryanhjohnston/.m2/repository/org/springframework/boot/spring-boot-starter-json/3.0.2/spring-boot-starter-json-3.0.2.jar:/home/ryanhjohnston/.m2/repository/com/fasterxml/jackson/core/jackson-databind/2.14.1/jackson-databind-2.14.1.jar:/home/ryanhjohnston/.m2/repository/com/fasterxml/jackson/core/jackson-annotations/2.14.1/jackson-annotations-2.14.1.jar:/home/ryanhjohnston/.m2/repository/com/fasterxml/jackson/core/jackson-core/2.14.1/jackson-core-2.14.1.jar:/home/ryanhjohnston/.m2/repository/com/fasterxml/jackson/datatype/jackson-datatype-jdk8/2.14.1/jackson-datatype-jdk8-2.14.1.jar:/home/ryanhjohnston/.m2/repository/com/fasterxml/jackson/datatype/jackson-datatype-jsr310/2.14.1/jackson-datatype-jsr310-2.14.1.jar:/home/ryanhjohnston/.m2/repository/com/fasterxml/jackson/module/jackson-module-parameter-names/2.14.1/jackson-module-parameter-names-2.14.1.jar:/home/ryanhjohnston/.m2/repository/org/springframework/boot/spring-boot-starter-tomcat/3.0.2/spring-boot-starter-tomcat-3.0.2.jar:/home/ryanhjohnston/.m2/repository/org/apache/tomcat/embed/tomcat-embed-core/10.1.5/tomcat-embed-core-10.1.5.jar:/home/ryanhjohnston/.m2/repository/org/apache/tomcat/embed/tomcat-embed-el/10.1.5/tomcat-embed-el-10.1.5.jar:/home/ryanhjohnston/.m2/repository/org/apache/tomcat/embed/tomcat-embed-websocket/10.1.5/tomcat-embed-websocket-10.1.5.jar:/home/ryanhjohnston/.m2/repository/org/springframework/spring-web/6.0.4/spring-web-6.0.4.jar:/home/ryanhjohnston/.m2/repository/io/micrometer/micrometer-observation/1.10.3/micrometer-observation-1.10.3.jar:/home/ryanhjohnston/.m2/repository/io/micrometer/micrometer-commons/1.10.3/micrometer-commons-1.10.3.jar:/home/ryanhjohnston/.m2/repository/org/springframework/spring-webmvc/6.0.4/spring-webmvc-6.0.4.jar:/home/ryanhjohnston/.m2/repository/org/springframework/spring-expression/6.0.4/spring-expression-6.0.4.jar:/home/ryanhjohnston/.m2/repository/com/mysql/mysql-connector-j/8.0.32/mysql-connector-j-8.0.32.jar:/home/ryanhjohnston/.m2/repository/org/springframework/boot/spring-boot-starter-test/3.0.2/spring-boot-starter-test-3.0.2.jar:/home/ryanhjohnston/.m2/repository/org/springframework/boot/spring-boot-test/3.0.2/spring-boot-test-3.0.2.jar:/home/ryanhjohnston/.m2/repository/org/springframework/boot/spring-boot-test-autoconfigure/3.0.2/spring-boot-test-autoconfigure-3.0.2.jar:/home/ryanhjohnston/.m2/repository/com/jayway/jsonpath/json-path/2.7.0/json-path-2.7.0.jar:/home/ryanhjohnston/.m2/repository/net/minidev/json-smart/2.4.8/json-smart-2.4.8.jar:/home/ryanhjohnston/.m2/repository/net/minidev/accessors-smart/2.4.8/accessors-smart-2.4.8.jar:/home/ryanhjohnston/.m2/repository/org/ow2/asm/asm/9.1/asm-9.1.jar:/home/ryanhjohnston/.m2/repository/jakarta/xml/bind/jakarta.xml.bind-api/4.0.0/jakarta.xml.bind-api-4.0.0.jar:/home/ryanhjohnston/.m2/repository/jakarta/activation/jakarta.activation-api/2.1.1/jakarta.activation-api-2.1.1.jar:/home/ryanhjohnston/.m2/repository/org/assertj/assertj-core/3.23.1/assertj-core-3.23.1.jar:/home/ryanhjohnston/.m2/repository/org/hamcrest/hamcrest/2.2/hamcrest-2.2.jar:/home/ryanhjohnston/.m2/repository/org/junit/jupiter/junit-jupiter/5.9.2/junit-jupiter-5.9.2.jar:/home/ryanhjohnston/.m2/repository/org/junit/jupiter/junit-jupiter-api/5.9.2/junit-jupiter-api-5.9.2.jar:/home/ryanhjohnston/.m2/repository/org/opentest4j/opentest4j/1.2.0/opentest4j-1.2.0.jar:/home/ryanhjohnston/.m2/repository/org/junit/platform/junit-platform-commons/1.9.2/junit-platform-commons-1.9.2.jar:/home/ryanhjohnston/.m2/repository/org/apiguardian/apiguardian-api/1.1.2/apiguardian-api-1.1.2.jar:/home/ryanhjohnston/.m2/repository/org/junit/jupiter/junit-jupiter-params/5.9.2/junit-jupiter-params-5.9.2.jar:/home/ryanhjohnston/.m2/repository/org/junit/jupiter/junit-jupiter-engine/5.9.2/junit-jupiter-engine-5.9.2.jar:/home/ryanhjohnston/.m2/repository/org/junit/platform/junit-platform-engine/1.9.2/junit-platform-engine-1.9.2.jar:/home/ryanhjohnston/.m2/repository/org/mockito/mockito-core/4.8.1/mockito-core-4.8.1.jar:/home/ryanhjohnston/.m2/repository/net/bytebuddy/byte-buddy-agent/1.12.22/byte-buddy-agent-1.12.22.jar:/home/ryanhjohnston/.m2/repository/org/objenesis/objenesis/3.2/objenesis-3.2.jar:/home/ryanhjohnston/.m2/repository/org/mockito/mockito-junit-jupiter/4.8.1/mockito-junit-jupiter-4.8.1.jar:/home/ryanhjohnston/.m2/repository/org/skyscreamer/jsonassert/1.5.1/jsonassert-1.5.1.jar:/home/ryanhjohnston/.m2/repository/com/vaadin/external/google/android-json/0.0.20131108.vaadin1/android-json-0.0.20131108.vaadin1.jar:/home/ryanhjohnston/.m2/repository/org/springframework/spring-core/6.0.4/spring-core-6.0.4.jar:/home/ryanhjohnston/.m2/repository/org/springframework/spring-jcl/6.0.4/spring-jcl-6.0.4.jar:/home/ryanhjohnston/.m2/repository/org/xmlunit/xmlunit-core/2.9.1/xmlunit-core-2.9.1.jar:/home/ryanhjohnston/.m2/repository/org/springframework/spring-test/6.0.6/spring-test-6.0.6.jar:/home/ryanhjohnston/.m2/repository/javax/validation/validation-api/2.0.1.Final/validation-api-2.0.1.Final.jar:/home/ryanhjohnston/.m2/repository/org/hibernate/validator/hibernate-validator/6.0.13.Final/hibernate-validator-6.0.13.Final.jar:/home/ryanhjohnston/.m2/repository/org/jboss/logging/jboss-logging/3.5.0.Final/jboss-logging-3.5.0.Final.jar:/home/ryanhjohnston/.m2/repository/com/fasterxml/classmate/1.5.1/classmate-1.5.1.jar:/home/ryanhjohnston/.m2/repository/org/glassfish/javax.el/3.0.0/javax.el-3.0.0.jar:/home/ryanhjohnston/.m2/repository/org/webjars/bootstrap/5.2.3/bootstrap-5.2.3.jar:/home/ryanhjohnston/.m2/repository/org/webjars/jquery/3.6.3/jquery-3.6.3.jar:/home/ryanhjohnston/.m2/repository/org/webjars/popper.js/1.12.9-1/popper.js-1.12.9-1.jar:"/>
    <property name="java.vm.vendor" value="Private Build"/>
    <property name="sun.arch.data.model" value="64"/>
    <property name="java.vendor.url" value="Unknown"/>
    <property name="os.name" value="Linux"/>
    <property name="java.vm.specification.version" value="18"/>
    <property name="sun.java.launcher" value="SUN_STANDARD"/>
    <property name="user.country" value="US"/>
    <property name="sun.boot.library.path" value="/usr/lib/jvm/java-18-openjdk-amd64/lib"/>
    <property name="sun.java.command" value="/home/ryanhjohnston/Undergrad/Spring2023/Software_Engineering/soft-eng-project/target/surefire/surefirebooter6967381661309581779.jar /home/ryanhjohnston/Undergrad/Spring2023/Software_Engineering/soft-eng-project/target/surefire 2023-03-13T19-24-39_664-jvmRun1 surefire2172016265212624437tmp surefire_085776526961797673tmp"/>
    <property name="jdk.debug" value="release"/>
    <property name="surefire.test.class.path" value="/home/ryanhjohnston/Undergrad/Spring2023/Software_Engineering/soft-eng-project/target/test-classes:/home/ryanhjohnston/Undergrad/Spring2023/Software_Engineering/soft-eng-project/target/classes:/home/ryanhjohnston/.m2/repository/org/springframework/boot/spring-boot-starter-data-jpa/3.0.2/spring-boot-starter-data-jpa-3.0.2.jar:/home/ryanhjohnston/.m2/repository/org/springframework/boot/spring-boot-starter-aop/3.0.2/spring-boot-starter-aop-3.0.2.jar:/home/ryanhjohnston/.m2/repository/org/springframework/spring-aop/6.0.4/spring-aop-6.0.4.jar:/home/ryanhjohnston/.m2/repository/org/aspectj/aspectjweaver/1.9.19/aspectjweaver-1.9.19.jar:/home/ryanhjohnston/.m2/repository/org/springframework/boot/spring-boot-starter-jdbc/3.0.2/spring-boot-starter-jdbc-3.0.2.jar:/home/ryanhjohnston/.m2/repository/com/zaxxer/HikariCP/5.0.1/HikariCP-5.0.1.jar:/home/ryanhjohnston/.m2/repository/org/springframework/spring-jdbc/6.0.4/spring-jdbc-6.0.4.jar:/home/ryanhjohnston/.m2/repository/org/hibernate/orm/hibernate-core/6.1.6.Final/hibernate-core-6.1.6.Final.jar:/home/ryanhjohnston/.m2/repository/jakarta/persistence/jakarta.persistence-api/3.1.0/jakarta.persistence-api-3.1.0.jar:/home/ryanhjohnston/.m2/repository/jakarta/transaction/jakarta.transaction-api/2.0.1/jakarta.transaction-api-2.0.1.jar:/home/ryanhjohnston/.m2/repository/org/hibernate/common/hibernate-commons-annotations/6.0.2.Final/hibernate-commons-annotations-6.0.2.Final.jar:/home/ryanhjohnston/.m2/repository/org/jboss/jandex/2.4.2.Final/jandex-2.4.2.Final.jar:/home/ryanhjohnston/.m2/repository/net/bytebuddy/byte-buddy/1.12.22/byte-buddy-1.12.22.jar:/home/ryanhjohnston/.m2/repository/org/glassfish/jaxb/jaxb-runtime/4.0.1/jaxb-runtime-4.0.1.jar:/home/ryanhjohnston/.m2/repository/org/glassfish/jaxb/jaxb-core/4.0.1/jaxb-core-4.0.1.jar:/home/ryanhjohnston/.m2/repository/org/eclipse/angus/angus-activation/1.0.0/angus-activation-1.0.0.jar:/home/ryanhjohnston/.m2/repository/org/glassfish/jaxb/txw2/4.0.1/txw2-4.0.1.jar:/home/ryanhjohnston/.m2/repository/com/sun/istack/istack-commons-runtime/4.1.1/istack-commons-runtime-4.1.1.jar:/home/ryanhjohnston/.m2/repository/jakarta/inject/jakarta.inject-api/2.0.0/jakarta.inject-api-2.0.0.jar:/home/ryanhjohnston/.m2/repository/org/antlr/antlr4-runtime/4.10.1/antlr4-runtime-4.10.1.jar:/home/ryanhjohnston/.m2/repository/org/springframework/data/spring-data-jpa/3.0.1/spring-data-jpa-3.0.1.jar:/home/ryanhjohnston/.m2/repository/org/springframework/data/spring-data-commons/3.0.1/spring-data-commons-3.0.1.jar:/home/ryanhjohnston/.m2/repository/org/springframework/spring-orm/6.0.4/spring-orm-6.0.4.jar:/home/ryanhjohnston/.m2/repository/org/springframework/spring-context/6.0.4/spring-context-6.0.4.jar:/home/ryanhjohnston/.m2/repository/org/springframework/spring-tx/6.0.4/spring-tx-6.0.4.jar:/home/ryanhjohnston/.m2/repository/org/springframework/spring-beans/6.0.4/spring-beans-6.0.4.jar:/home/ryanhjohnston/.m2/repository/jakarta/annotation/jakarta.annotation-api/2.1.1/jakarta.annotation-api-2.1.1.jar:/home/ryanhjohnston/.m2/repository/org/slf4j/slf4j-api/2.0.6/slf4j-api-2.0.6.jar:/home/ryanhjohnston/.m2/repository/org/springframework/spring-aspects/6.0.4/spring-aspects-6.0.4.jar:/home/ryanhjohnston/.m2/repository/org/springframework/boot/spring-boot-devtools/3.0.4/spring-boot-devtools-3.0.4.jar:/home/ryanhjohnston/.m2/repository/org/springframework/boot/spring-boot/3.0.2/spring-boot-3.0.2.jar:/home/ryanhjohnston/.m2/repository/org/springframework/boot/spring-boot-autoconfigure/3.0.2/spring-boot-autoconfigure-3.0.2.jar:/home/ryanhjohnston/.m2/repository/org/projectlombok/lombok/1.18.26/lombok-1.18.26.jar:/home/ryanhjohnston/.m2/repository/org/springframework/boot/spring-boot-starter-thymeleaf/3.0.2/spring-boot-starter-thymeleaf-3.0.2.jar:/home/ryanhjohnston/.m2/repository/org/springframework/boot/spring-boot-starter/3.0.2/spring-boot-starter-3.0.2.jar:/home/ryanhjohnston/.m2/repository/org/springframework/boot/spring-boot-starter-logging/3.0.2/spring-boot-starter-logging-3.0.2.jar:/home/ryanhjohnston/.m2/repository/ch/qos/logback/logback-classic/1.4.5/logback-classic-1.4.5.jar:/home/ryanhjohnston/.m2/repository/ch/qos/logback/logback-core/1.4.5/logback-core-1.4.5.jar:/home/ryanhjohnston/.m2/repository/org/apache/logging/log4j/log4j-to-slf4j/2.19.0/log4j-to-slf4j-2.19.0.jar:/home/ryanhjohnston/.m2/repository/org/apache/logging/log4j/log4j-api/2.19.0/log4j-api-2.19.0.jar:/home/ryanhjohnston/.m2/repository/org/slf4j/jul-to-slf4j/2.0.6/jul-to-slf4j-2.0.6.jar:/home/ryanhjohnston/.m2/repository/org/yaml/snakeyaml/1.33/snakeyaml-1.33.jar:/home/ryanhjohnston/.m2/repository/org/thymeleaf/thymeleaf-spring6/3.1.1.RELEASE/thymeleaf-spring6-3.1.1.RELEASE.jar:/home/ryanhjohnston/.m2/repository/org/thymeleaf/thymeleaf/3.1.1.RELEASE/thymeleaf-3.1.1.RELEASE.jar:/home/ryanhjohnston/.m2/repository/org/attoparser/attoparser/2.0.6.RELEASE/attoparser-2.0.6.RELEASE.jar:/home/ryanhjohnston/.m2/repository/org/unbescape/unbescape/1.1.6.RELEASE/unbescape-1.1.6.RELEASE.jar:/home/ryanhjohnston/.m2/repository/org/springframework/boot/spring-boot-starter-web/3.0.2/spring-boot-starter-web-3.0.2.jar:/home/ryanhjohnston/.m2/repository/org/springframework/boot/spring-boot-starter-json/3.0.2/spring-boot-starter-json-3.0.2.jar:/home/ryanhjohnston/.m2/repository/com/fasterxml/jackson/core/jackson-databind/2.14.1/jackson-databind-2.14.1.jar:/home/ryanhjohnston/.m2/repository/com/fasterxml/jackson/core/jackson-annotations/2.14.1/jackson-annotations-2.14.1.jar:/home/ryanhjohnston/.m2/repository/com/fasterxml/jackson/core/jackson-core/2.14.1/jackson-core-2.14.1.jar:/home/ryanhjohnston/.m2/repository/com/fasterxml/jackson/datatype/jackson-datatype-jdk8/2.14.1/jackson-datatype-jdk8-2.14.1.jar:/home/ryanhjohnston/.m2/repository/com/fasterxml/jackson/datatype/jackson-datatype-jsr310/2.14.1/jackson-datatype-jsr310-2.14.1.jar:/home/ryanhjohnston/.m2/repository/com/fasterxml/jackson/module/jackson-module-parameter-names/2.14.1/jackson-module-parameter-names-2.14.1.jar:/home/ryanhjohnston/.m2/repository/org/springframework/boot/spring-boot-starter-tomcat/3.0.2/spring-boot-starter-tomcat-3.0.2.jar:/home/ryanhjohnston/.m2/repository/org/apache/tomcat/embed/tomcat-embed-core/10.1.5/tomcat-embed-core-10.1.5.jar:/home/ryanhjohnston/.m2/repository/org/apache/tomcat/embed/tomcat-embed-el/10.1.5/tomcat-embed-el-10.1.5.jar:/home/ryanhjohnston/.m2/repository/org/apache/tomcat/embed/tomcat-embed-websocket/10.1.5/tomcat-embed-websocket-10.1.5.jar:/home/ryanhjohnston/.m2/repository/org/springframework/spring-web/6.0.4/spring-web-6.0.4.jar:/home/ryanhjohnston/.m2/repository/io/micrometer/micrometer-observation/1.10.3/micrometer-observation-1.10.3.jar:/home/ryanhjohnston/.m2/repository/io/micrometer/micrometer-commons/1.10.3/micrometer-commons-1.10.3.jar:/home/ryanhjohnston/.m2/repository/org/springframework/spring-webmvc/6.0.4/spring-webmvc-6.0.4.jar:/home/ryanhjohnston/.m2/repository/org/springframework/spring-expression/6.0.4/spring-expression-6.0.4.jar:/home/ryanhjohnston/.m2/repository/com/mysql/mysql-connector-j/8.0.32/mysql-connector-j-8.0.32.jar:/home/ryanhjohnston/.m2/repository/org/springframework/boot/spring-boot-starter-test/3.0.2/spring-boot-starter-test-3.0.2.jar:/home/ryanhjohnston/.m2/repository/org/springframework/boot/spring-boot-test/3.0.2/spring-boot-test-3.0.2.jar:/home/ryanhjohnston/.m2/repository/org/springframework/boot/spring-boot-test-autoconfigure/3.0.2/spring-boot-test-autoconfigure-3.0.2.jar:/home/ryanhjohnston/.m2/repository/com/jayway/jsonpath/json-path/2.7.0/json-path-2.7.0.jar:/home/ryanhjohnston/.m2/repository/net/minidev/json-smart/2.4.8/json-smart-2.4.8.jar:/home/ryanhjohnston/.m2/repository/net/minidev/accessors-smart/2.4.8/accessors-smart-2.4.8.jar:/home/ryanhjohnston/.m2/repository/org/ow2/asm/asm/9.1/asm-9.1.jar:/home/ryanhjohnston/.m2/repository/jakarta/xml/bind/jakarta.xml.bind-api/4.0.0/jakarta.xml.bind-api-4.0.0.jar:/home/ryanhjohnston/.m2/repository/jakarta/activation/jakarta.activation-api/2.1.1/jakarta.activation-api-2.1.1.jar:/home/ryanhjohnston/.m2/repository/org/assertj/assertj-core/3.23.1/assertj-core-3.23.1.jar:/home/ryanhjohnston/.m2/repository/org/hamcrest/hamcrest/2.2/hamcrest-2.2.jar:/home/ryanhjohnston/.m2/repository/org/junit/jupiter/junit-jupiter/5.9.2/junit-jupiter-5.9.2.jar:/home/ryanhjohnston/.m2/repository/org/junit/jupiter/junit-jupiter-api/5.9.2/junit-jupiter-api-5.9.2.jar:/home/ryanhjohnston/.m2/repository/org/opentest4j/opentest4j/1.2.0/opentest4j-1.2.0.jar:/home/ryanhjohnston/.m2/repository/org/junit/platform/junit-platform-commons/1.9.2/junit-platform-commons-1.9.2.jar:/home/ryanhjohnston/.m2/repository/org/apiguardian/apiguardian-api/1.1.2/apiguardian-api-1.1.2.jar:/home/ryanhjohnston/.m2/repository/org/junit/jupiter/junit-jupiter-params/5.9.2/junit-jupiter-params-5.9.2.jar:/home/ryanhjohnston/.m2/repository/org/junit/jupiter/junit-jupiter-engine/5.9.2/junit-jupiter-engine-5.9.2.jar:/home/ryanhjohnston/.m2/repository/org/junit/platform/junit-platform-engine/1.9.2/junit-platform-engine-1.9.2.jar:/home/ryanhjohnston/.m2/repository/org/mockito/mockito-core/4.8.1/mockito-core-4.8.1.jar:/home/ryanhjohnston/.m2/repository/net/bytebuddy/byte-buddy-agent/1.12.22/byte-buddy-agent-1.12.22.jar:/home/ryanhjohnston/.m2/repository/org/objenesis/objenesis/3.2/objenesis-3.2.jar:/home/ryanhjohnston/.m2/repository/org/mockito/mockito-junit-jupiter/4.8.1/mockito-junit-jupiter-4.8.1.jar:/home/ryanhjohnston/.m2/repository/org/skyscreamer/jsonassert/1.5.1/jsonassert-1.5.1.jar:/home/ryanhjohnston/.m2/repository/com/vaadin/external/google/android-json/0.0.20131108.vaadin1/android-json-0.0.20131108.vaadin1.jar:/home/ryanhjohnston/.m2/repository/org/springframework/spring-core/6.0.4/spring-core-6.0.4.jar:/home/ryanhjohnston/.m2/repository/org/springframework/spring-jcl/6.0.4/spring-jcl-6.0.4.jar:/home/ryanhjohnston/.m2/repository/org/xmlunit/xmlunit-core/2.9.1/xmlunit-core-2.9.1.jar:/home/ryanhjohnston/.m2/repository/org/springframework/spring-test/6.0.6/spring-test-6.0.6.jar:/home/ryanhjohnston/.m2/repository/javax/validation/validation-api/2.0.1.Final/validation-api-2.0.1.Final.jar:/home/ryanhjohnston/.m2/repository/org/hibernate/validator/hibernate-validator/6.0.13.Final/hibernate-validator-6.0.13.Final.jar:/home/ryanhjohnston/.m2/repository/org/jboss/logging/jboss-logging/3.5.0.Final/jboss-logging-3.5.0.Final.jar:/home/ryanhjohnston/.m2/repository/com/fasterxml/classmate/1.5.1/classmate-1.5.1.jar:/home/ryanhjohnston/.m2/repository/org/glassfish/javax.el/3.0.0/javax.el-3.0.0.jar:/home/ryanhjohnston/.m2/repository/org/webjars/bootstrap/5.2.3/bootstrap-5.2.3.jar:/home/ryanhjohnston/.m2/repository/org/webjars/jquery/3.6.3/jquery-3.6.3.jar:/home/ryanhjohnston/.m2/repository/org/webjars/popper.js/1.12.9-1/popper.js-1.12.9-1.jar:"/>
    <property name="sun.cpu.endian" value="little"/>
    <property name="user.home" value="/home/ryanhjohnston"/>
    <property name="user.language" value="en"/>
    <property name="java.specification.vendor" value="Oracle Corporation"/>
    <property name="java.version.date" value="2022-07-19"/>
    <property name="java.home" value="/usr/lib/jvm/java-18-openjdk-amd64"/>
    <property name="file.separator" value="/"/>
    <property name="basedir" value="/home/ryanhjohnston/Undergrad/Spring2023/Software_Engineering/soft-eng-project"/>
    <property name="java.vm.compressedOopsMode" value="Zero based"/>
    <property name="line.separator" value="&#10;"/>
    <property name="java.vm.specification.vendor" value="Oracle Corporation"/>
    <property name="java.specification.name" value="Java Platform API Specification"/>
    <property name="surefire.real.class.path" value="/home/ryanhjohnston/Undergrad/Spring2023/Software_Engineering/soft-eng-project/target/surefire/surefirebooter6967381661309581779.jar"/>
    <property name="sun.management.compiler" value="HotSpot 64-Bit Tiered Compilers"/>
    <property name="java.runtime.version" value="18.0.2-ea+9-Ubuntu-2"/>
    <property name="user.name" value="ryanhjohnston"/>
    <property name="path.separator" value=":"/>
    <property name="os.version" value="5.19.0-35-generic"/>
    <property name="java.runtime.name" value="OpenJDK Runtime Environment"/>
    <property name="file.encoding" value="UTF-8"/>
    <property name="java.vm.name" value="OpenJDK 64-Bit Server VM"/>
    <property name="localRepository" value="/home/ryanhjohnston/.m2/repository"/>
    <property name="java.vendor.url.bug" value="Unknown"/>
    <property name="java.io.tmpdir" value="/tmp"/>
    <property name="java.version" value="18.0.2-ea"/>
    <property name="user.dir" value="/home/ryanhjohnston/Undergrad/Spring2023/Software_Engineering/soft-eng-project"/>
    <property name="os.arch" value="amd64"/>
    <property name="java.vm.specification.name" value="Java Virtual Machine Specification"/>
    <property name="native.encoding" value="UTF-8"/>
    <property name="java.library.path" value="/usr/java/packages/lib:/usr/lib/x86_64-linux-gnu/jni:/lib/x86_64-linux-gnu:/usr/lib/x86_64-linux-gnu:/usr/lib/jni:/lib:/usr/lib"/>
    <property name="java.vm.info" value="mixed mode, sharing"/>
    <property name="java.vendor" value="Private Build"/>
    <property name="java.vm.version" value="18.0.2-ea+9-Ubuntu-2"/>
    <property name="sun.io.unicode.encoding" value="UnicodeLittle"/>
    <property name="java.class.version" value="62.0"/>
  </properties>
  <testcase name="testHomePage" classname="com.example.softengproject.ControllerTest.DemoControllerTest" time="0.502">
    <failure message="View name expected:&lt;home&gt; but was:&lt;index&gt;" type="java.lang.AssertionError"><![CDATA[java.lang.AssertionError: View name expected:<home> but was:<index>
	at com.example.softengproject.ControllerTest.DemoControllerTest.testHomePage(DemoControllerTest.java:25)
]]></failure>
    <system-out><![CDATA[19:24:40.357 [main] DEBUG org.springframework.boot.test.autoconfigure.web.servlet.WebMvcTestContextBootstrapper - Neither @ContextConfiguration nor @ContextHierarchy found for test class [DemoControllerTest]: using SpringBootContextLoader
19:24:40.361 [main] DEBUG org.springframework.test.context.support.AbstractContextLoader - Could not detect default resource locations for test class [com.example.softengproject.ControllerTest.DemoControllerTest]: no resource found for suffixes {-context.xml, Context.groovy}.
19:24:40.361 [main] INFO org.springframework.test.context.support.AnnotationConfigContextLoaderUtils - Could not detect default configuration classes for test class [com.example.softengproject.ControllerTest.DemoControllerTest]: DemoControllerTest does not declare any static, non-private, non-final, nested classes annotated with @Configuration.
19:24:40.400 [main] DEBUG org.springframework.boot.test.autoconfigure.web.servlet.WebMvcTestContextBootstrapper - Using ContextCustomizers for test class [DemoControllerTest]: [ImportsContextCustomizer, ExcludeFilterContextCustomizer, DuplicateJsonObjectContextCustomizer, MockitoContextCustomizer, DisableAutoConfigurationContextCustomizer, DisableObservabilityContextCustomizer, TypeExcludeFiltersContextCustomizer, PropertyMappingContextCustomizer, Customizer]
19:24:40.457 [main] DEBUG org.springframework.context.annotation.ClassPathScanningCandidateComponentProvider - Identified candidate component class: file [/home/ryanhjohnston/Undergrad/Spring2023/Software_Engineering/soft-eng-project/target/classes/com/example/softengproject/DemoApplication.class]
19:24:40.458 [main] INFO org.springframework.boot.test.context.SpringBootTestContextBootstrapper - Found @SpringBootConfiguration com.example.softengproject.DemoApplication for test class com.example.softengproject.ControllerTest.DemoControllerTest
19:24:40.473 [main] DEBUG org.springframework.boot.test.autoconfigure.web.servlet.WebMvcTestContextBootstrapper - Using TestExecutionListeners for test class [DemoControllerTest]: [ServletTestExecutionListener, DirtiesContextBeforeModesTestExecutionListener, ApplicationEventsTestExecutionListener, MockitoTestExecutionListener, DependencyInjectionTestExecutionListener, DirtiesContextTestExecutionListener, TransactionalTestExecutionListener, SqlScriptsTestExecutionListener, EventPublishingTestExecutionListener, ResetMocksTestExecutionListener, RestDocsTestExecutionListener, MockRestServiceServerResetTestExecutionListener, MockMvcPrintOnlyOnFailureTestExecutionListener, WebDriverTestExecutionListener, MockWebServiceServerTestExecutionListener]
19:24:40.475 [main] DEBUG org.springframework.test.context.support.AbstractDirtiesContextTestExecutionListener - Before test class: class [DemoControllerTest], class annotated with @DirtiesContext [false] with mode [null]
19:24:40.486 [main] DEBUG org.springframework.test.context.support.DependencyInjectionTestExecutionListener - Performing dependency injection for test class com.example.softengproject.ControllerTest.DemoControllerTest

  .   ____          _            __ _ _
 /\\ / ___'_ __ _ _(_)_ __  __ _ \ \ \ \
( ( )\___ | '_ | '_| | '_ \/ _` | \ \ \ \
 \\/  ___)| |_)| | | | | || (_| |  ) ) ) )
  '  |____| .__|_| |_|_| |_\__, | / / / /
 =========|_|==============|___/=/_/_/_/
 :: Spring Boot ::                (v3.0.2)

2023-03-13T19:24:40.731-05:00  INFO 119301 --- [           main] c.e.s.ControllerTest.DemoControllerTest  : Starting DemoControllerTest using Java 18.0.2-ea with PID 119301 (started by ryanhjohnston in /home/ryanhjohnston/Undergrad/Spring2023/Software_Engineering/soft-eng-project)
2023-03-13T19:24:40.738-05:00  INFO 119301 --- [           main] c.e.s.ControllerTest.DemoControllerTest  : No active profile set, falling back to 1 default profile: "default"
2023-03-13T19:24:41.373-05:00  INFO 119301 --- [           main] o.s.b.a.w.s.WelcomePageHandlerMapping    : Adding welcome page template: index
2023-03-13T19:24:41.472-05:00  INFO 119301 --- [           main] o.s.b.t.m.w.SpringBootMockServletContext : Initializing Spring TestDispatcherServlet ''
2023-03-13T19:24:41.472-05:00  INFO 119301 --- [           main] o.s.t.web.servlet.TestDispatcherServlet  : Initializing Servlet ''
2023-03-13T19:24:41.475-05:00  INFO 119301 --- [           main] o.s.t.web.servlet.TestDispatcherServlet  : Completed initialization in 1 ms
2023-03-13T19:24:41.492-05:00  INFO 119301 --- [           main] c.e.s.ControllerTest.DemoControllerTest  : Started DemoControllerTest in 0.982 seconds (process running for 1.694)

MockHttpServletRequest:
      HTTP Method = GET
      Request URI = /
       Parameters = {}
          Headers = []
             Body = null
    Session Attrs = {}

Handler:
             Type = org.springframework.web.servlet.mvc.ParameterizableViewController

Async:
    Async started = false
     Async result = null

Resolved Exception:
             Type = null

ModelAndView:
        View name = index
             View = null
            Model = null

FlashMap:
       Attributes = null

MockHttpServletResponse:
           Status = 200
    Error message = null
          Headers = [Content-Language:"en", Content-Type:"text/html;charset=UTF-8"]
     Content type = text/html;charset=UTF-8
             Body = 
<!DOCTYPE>
<html>
  <head>
    <meta charset="UTF-8">
    <meta http-equiv="X-UA-Compatible" content="IE=edge">
    <meta name="viewport" content="width=device-width, initial-scale=1.0">
    <link rel="stylesheet" type="text/css" 
    <!-- media="all" href="/index.css" -->
    <title>Student Technology Store</title>
    <!-- THIS IS NEEDED IN EVERY HTML HEADER FOR BOOTSTRAP AND JQUERY TO WORK
    -->
    <link rel="stylesheet"
    href="https://cdn.jsdelivr.net/npm/bootstrap@4.3.1/dist/css/bootstrap.min.css"
    integrity="sha384-ggOyR0iXCbMQv3Xipma34MD+dH/1fQ784/j6cY/iJTQUOhcWr7x9JvoRxT2MZw1T"
    crossorigin="anonymous">
  </head>
  <body>

    <div class="container-fluid p-5 bg-primary text-white text-center">
      <h1>Student Tech Store</h1>
      <p>The best quality technology for college students just like you.</p>
    </div>

    <!-------------------------------- NAVIGATION BAR ------------------------->
    <nav class="navbar navbar-expand-lg navbar-light bg-light">
      <a class="navbar-brand" href="">Dashboard</a>
      <a class="navbar-toggler" type="button" data-toggle="collapse"
        data-target="#navbarSupportedContent"
        aria-controls="navbarSupportedContent" aria-expanded="false"
        aria-label="Toggle navigation" href="">
        <span class="navbar-toggler-icon"></span>
      </a>

      <div class="collapse navbar-collapse" id="navbarSupportedContent">
        <ul class="navbar-nav mr-auto d-inline-flex p-2">
          <li class="nav-item active">
            <a type="button" class="nav-link border" href="">Home
              <span class="sr-only">(current)</span></a></li>
          <li class="nav-item active">
            <a type="button" class="nav-link border" href="">Desktops<span
                class="sr-only">(current)</span></a></li>
          <li class="nav-item active">
            <a type="button" class="nav-link border"  href="">Laptops
              <span class="sr-only">(current)</span></a></li>
          <li class="nav-item active">
            <a type="button" class="nav-link border" href="">Phones
              <span class="sr-only">(current)</span></a></li>
          <li class="nav-item active">
            <a type="button" class="nav-link border" href="">Accessories
              <span class="sr-only">(current)</span></a></li>
          <li class="nav-item active">
            <a type="button" class="nav-link border" href="">About
              <span class="sr-only">(current)</span></a></li>
        </ul>

        <form class="form-inline my-2 my-lg-0">
          <input class="form-control mr-sm-2" type="search" placeholder="Search"
          aria-label="Search"><a class="btn btn-outline=success my-2 my-sm-0"
            type="submit" href="">Search</a> 
        </form>
      </div>
    </nav>

    <!------------------- PAGE CONTENTS ------------------------------------------>


    <!-- NEEDED IN EVERY HTML FILE FOR BOOTSTRAP AND JQUERY TO WORK -->
    <!-- Optional JavaScript -->
    <!-- jQuery first, then Popper.js, then Bootstrap JS -->
    <script src="https://code.jquery.com/jquery-3.3.1.slim.min.js"
      integrity="sha384-q8i/X+965DzO0rT7abK41JStQIAqVgRVzpbzo5smXKp4YfRvH+8abtTE1Pi6jizo"
      crossorigin="anonymous"></script>
    <script
      src="https://cdn.jsdelivr.net/npm/popper.js@1.14.7/dist/umd/popper.min.js"
      integrity="sha384-UO2eT0CpHqdSJQ6hJty5KVphtPhzWj9WO1clHTMGa3JDZwrnQq4sF86dIHNDz0W1"
      crossorigin="anonymous"></script>
    <script
      src="https://cdn.jsdelivr.net/npm/bootstrap@4.3.1/dist/js/bootstrap.min.js"
      integrity="sha384-JjSmVgyd0p3pXB1rRibZUAYoIIy6OrQ6VrjIEaFf/nJGzIxFDsf4x0xIM+B07jRM"
      crossorigin="anonymous"></script>

  </body>
</html>

    Forwarded URL = null
   Redirected URL = null
          Cookies = []
]]></system-out>
  </testcase>
</testsuite>